Neither @ContextConfiguration nor @ContextHierarchy found for test class [spring.boot.demo.mapper.Log4j2Test], using SpringBootContextLoader
Could not detect default resource locations for test class [spring.boot.demo.mapper.Log4j2Test]: no resource found for suffixes {-context.xml, Context.groovy}.
Could not detect default configuration classes for test class [spring.boot.demo.mapper.Log4j2Test]: Log4j2Test does not declare any static, non-private, non-final, nested classes annotated with @Configuration.
Found @SpringBootConfiguration spring.boot.demo.Application for test class spring.boot.demo.mapper.Log4j2Test
Loaded default TestExecutionListener class names from location [META-INF/spring.factories]: [org.springframework.boot.test.mock.mockito.MockitoTestExecutionListener, org.springframework.boot.test.mock.mockito.ResetMocksTestExecutionListener, org.springframework.boot.test.autoconfigure.restdocs.RestDocsTestExecutionListener, org.springframework.boot.test.autoconfigure.web.client.MockRestServiceServerResetTestExecutionListener, org.springframework.boot.test.autoconfigure.web.servlet.MockMvcPrintOnlyOnFailureTestExecutionListener, org.springframework.boot.test.autoconfigure.web.servlet.WebDriverTestExecutionListener, org.springframework.test.context.web.ServletTestExecutionListener, org.springframework.test.context.support.DirtiesContextBeforeModesTestExecutionListener, org.springframework.test.context.support.DependencyInjectionTestExecutionListener, org.springframework.test.context.support.DirtiesContextTestExecutionListener, org.springframework.test.context.transaction.TransactionalTestExecutionListener, org.springframework.test.context.jdbc.SqlScriptsTestExecutionListener]
Using TestExecutionListeners: [org.springframework.test.context.web.ServletTestExecutionListener@1e66f1f5, org.springframework.test.context.support.DirtiesContextBeforeModesTestExecutionListener@4e50c791, org.springframework.boot.test.autoconfigure.SpringBootDependencyInjectionTestExecutionListener@7530ad9c, org.springframework.test.context.support.DirtiesContextTestExecutionListener@58a9760d, org.springframework.test.context.transaction.TransactionalTestExecutionListener@71e9ddb4, org.springframework.test.context.jdbc.SqlScriptsTestExecutionListener@394df057, org.springframework.boot.test.autoconfigure.web.client.MockRestServiceServerResetTestExecutionListener@4961f6af, org.springframework.boot.test.autoconfigure.web.servlet.MockMvcPrintOnlyOnFailureTestExecutionListener@5aebe890, org.springframework.boot.test.autoconfigure.web.servlet.WebDriverTestExecutionListener@65d09a04, org.springframework.boot.test.mock.mockito.MockitoTestExecutionListener@33c911a1, org.springframework.boot.test.mock.mockito.ResetMocksTestExecutionListener@75db5df9, org.springframework.boot.test.autoconfigure.restdocs.RestDocsTestExecutionListener@707194ba]
Starting Log4j2Test on shengfeng-PC with PID 6284 (started by shengfeng in E:\github\spring-boot-demo)
No active profile set, falling back to default profiles: default
Refreshing org.springframework.web.context.support.GenericWebApplicationContext@1e81f160: startup date [Thu Feb 23 14:54:15 CST 2017]; root of context hierarchy
HV000001: Hibernate Validator 5.2.4.Final
Bean 'org.springframework.transaction.annotation.ProxyTransactionManagementConfiguration' of type [class org.springframework.transaction.annotation.ProxyTransactionManagementConfiguration$$EnhancerBySpringCGLIB$$a4dfc831] is not eligible for getting processed by all BeanPostProcessors (for example: not eligible for auto-proxying)
Looking for @ControllerAdvice: org.springframework.web.context.support.GenericWebApplicationContext@1e81f160: startup date [Thu Feb 23 14:54:15 CST 2017]; root of context hierarchy
Mapped "{[/time/utils/gain-now-time.htm]}" onto public java.lang.String spring.boot.demo.controller.TimeUtilsStarterController.gainNowTime()
Mapped "{[/user/get-user-info.htm]}" onto public spring.boot.demo.bean.UserBean spring.boot.demo.controller.UserController.findUserById(java.lang.Integer)
Mapped "{[/error]}" onto public org.springframework.http.ResponseEntity<java.util.Map<java.lang.String, java.lang.Object>> org.springframework.boot.autoconfigure.web.BasicErrorController.error(javax.servlet.http.HttpServletRequest)
Mapped "{[/error],produces=[text/html]}" onto public org.springframework.web.servlet.ModelAndView org.springframework.boot.autoconfigure.web.BasicErrorController.errorHtml(javax.servlet.http.HttpServletRequest,javax.servlet.http.HttpServletResponse)
Mapped URL path [/webjars/**] onto handler of type [class org.springframework.web.servlet.resource.ResourceHttpRequestHandler]
Mapped URL path [/**] onto handler of type [class org.springframework.web.servlet.resource.ResourceHttpRequestHandler]
Mapped URL path [/**/favicon.ico] onto handler of type [class org.springframework.web.servlet.resource.ResourceHttpRequestHandler]
Started Log4j2Test in 3.71 seconds (JVM running for 4.666)
this is info log
this is error log
this is warn log
Closing org.springframework.web.context.support.GenericWebApplicationContext@1e81f160: startup date [Thu Feb 23 14:54:15 CST 2017]; root of context hierarchy
